#At time x process y stopped arr w total z remain y wait k
At time 1 process 1 started arr 1 total 2 remain 2 wait 0
At time 3 process 1 finished arr 1 total 2 remain 0 wait 0 TA 2 WTA 1.00
At time 3 process 2 started arr 2 total 7 remain 7 wait 1
At time 5 process 2 stopped arr 2 total 7 remain 5 wait 1
At time 5 process 3 started arr 3 total 4 remain 4 wait 2
At time 7 process 3 stopped arr 3 total 4 remain 2 wait 2
At time 7 process 4 started arr 5 total 2 remain 2 wait 2
At time 9 process 4 finished arr 5 total 2 remain 0 wait 2 TA 4 WTA 2.00
At time 9 process 5 started arr 5 total 1 remain 1 wait 4
At time 10 process 5 finished arr 5 total 1 remain 0 wait 4 TA 5 WTA 5.00
At time 10 process 2 resumed arr 2 total 7 remain 5 wait 6
At time 12 process 2 stopped arr 2 total 7 remain 3 wait 6
At time 12 process 6 started arr 7 total 3 remain 3 wait 5
At time 14 process 6 stopped arr 7 total 3 remain 1 wait 5
At time 14 process 3 resumed arr 3 total 4 remain 2 wait 9
At time 16 process 3 finished arr 3 total 4 remain 0 wait 9 TA 13 WTA 3.25
At time 16 process 7 started arr 12 total 4 remain 4 wait 4
At time 18 process 7 stopped arr 12 total 4 remain 2 wait 4
At time 18 process 2 resumed arr 2 total 7 remain 3 wait 12
At time 20 process 2 stopped arr 2 total 7 remain 1 wait 12
At time 20 process 6 resumed arr 7 total 3 remain 1 wait 11
At time 21 process 6 finished arr 7 total 3 remain 0 wait 11 TA 14 WTA 4.67
At time 21 process 7 resumed arr 12 total 4 remain 2 wait 7
At time 23 process 7 finished arr 12 total 4 remain 0 wait 7 TA 11 WTA 2.75
At time 23 process 2 resumed arr 2 total 7 remain 1 wait 15
At time 24 process 2 finished arr 2 total 7 remain 0 wait 15 TA 22 WTA 3.14
